Start testing: Apr 23 18:21 EDT
----------------------------------------------------------
1/24 Testing: ConfigTest.SetAndGetReturnsExpectedValue
1/24 Test: ConfigTest.SetAndGetReturnsExpectedValue
Command: "/Users/cheyenne/Documents/GitHub/OSPSD-HW1/build/tests" "--gtest_filter=ConfigTest.SetAndGetReturnsExpectedValue" "--gtest_also_run_disabled_tests"
Directory: /Users/cheyenne/Documents/GitHub/OSPSD-HW1/build
"ConfigTest.SetAndGetReturnsExpectedValue" start time: Apr 23 18:21 EDT
Output:
----------------------------------------------------------
Running main() from /Users/cheyenne/Documents/GitHub/OSPSD-HW1/build/_deps/googletest-src/googletest/src/gtest_main.cc
Note: Google Test filter = ConfigTest.SetAndGetReturnsExpectedValue
[==========] Running 1 test from 1 test suite.
[----------] Global test environment set-up.
[----------] 1 test from ConfigTest
[ RUN      ] ConfigTest.SetAndGetReturnsExpectedValue
[       OK ] ConfigTest.SetAndGetReturnsExpectedValue (0 ms)
[----------] 1 test from ConfigTest (0 ms total)

[----------] Global test environment tear-down
[==========] 1 test from 1 test suite ran. (0 ms total)
[  PASSED  ] 1 test.
<end of output>
Test time =   0.07 sec
----------------------------------------------------------
Test Passed.
"ConfigTest.SetAndGetReturnsExpectedValue" end time: Apr 23 18:21 EDT
"ConfigTest.SetAndGetReturnsExpectedValue" time elapsed: 00:00:00
----------------------------------------------------------

2/24 Testing: ConfigTest.ReturnsEmptyStringIfKeyIsMissing
2/24 Test: ConfigTest.ReturnsEmptyStringIfKeyIsMissing
Command: "/Users/cheyenne/Documents/GitHub/OSPSD-HW1/build/tests" "--gtest_filter=ConfigTest.ReturnsEmptyStringIfKeyIsMissing" "--gtest_also_run_disabled_tests"
Directory: /Users/cheyenne/Documents/GitHub/OSPSD-HW1/build
"ConfigTest.ReturnsEmptyStringIfKeyIsMissing" start time: Apr 23 18:21 EDT
Output:
----------------------------------------------------------
Running main() from /Users/cheyenne/Documents/GitHub/OSPSD-HW1/build/_deps/googletest-src/googletest/src/gtest_main.cc
Note: Google Test filter = ConfigTest.ReturnsEmptyStringIfKeyIsMissing
[==========] Running 1 test from 1 test suite.
[----------] Global test environment set-up.
[----------] 1 test from ConfigTest
[ RUN      ] ConfigTest.ReturnsEmptyStringIfKeyIsMissing
[       OK ] ConfigTest.ReturnsEmptyStringIfKeyIsMissing (0 ms)
[----------] 1 test from ConfigTest (0 ms total)

[----------] Global test environment tear-down
[==========] 1 test from 1 test suite ran. (0 ms total)
[  PASSED  ] 1 test.
<end of output>
Test time =   0.05 sec
----------------------------------------------------------
Test Passed.
"ConfigTest.ReturnsEmptyStringIfKeyIsMissing" end time: Apr 23 18:21 EDT
"ConfigTest.ReturnsEmptyStringIfKeyIsMissing" time elapsed: 00:00:00
----------------------------------------------------------

3/24 Testing: ConversationClientTest.SendMessageInMockModeReturnsTrue
3/24 Test: ConversationClientTest.SendMessageInMockModeReturnsTrue
Command: "/Users/cheyenne/Documents/GitHub/OSPSD-HW1/build/tests" "--gtest_filter=ConversationClientTest.SendMessageInMockModeReturnsTrue" "--gtest_also_run_disabled_tests"
Directory: /Users/cheyenne/Documents/GitHub/OSPSD-HW1/build
"ConversationClientTest.SendMessageInMockModeReturnsTrue" start time: Apr 23 18:21 EDT
Output:
----------------------------------------------------------
Running main() from /Users/cheyenne/Documents/GitHub/OSPSD-HW1/build/_deps/googletest-src/googletest/src/gtest_main.cc
Note: Google Test filter = ConversationClientTest.SendMessageInMockModeReturnsTrue
[==========] Running 1 test from 1 test suite.
[----------] Global test environment set-up.
[----------] 1 test from ConversationClientTest
[ RUN      ] ConversationClientTest.SendMessageInMockModeReturnsTrue
[       OK ] ConversationClientTest.SendMessageInMockModeReturnsTrue (0 ms)
[----------] 1 test from ConversationClientTest (0 ms total)

[----------] Global test environment tear-down
[==========] 1 test from 1 test suite ran. (0 ms total)
[  PASSED  ] 1 test.
<end of output>
Test time =   0.05 sec
----------------------------------------------------------
Test Passed.
"ConversationClientTest.SendMessageInMockModeReturnsTrue" end time: Apr 23 18:21 EDT
"ConversationClientTest.SendMessageInMockModeReturnsTrue" time elapsed: 00:00:00
----------------------------------------------------------

4/24 Testing: ConversationClientTest.ReceiveResponseReturnsExpectedInMockMode
4/24 Test: ConversationClientTest.ReceiveResponseReturnsExpectedInMockMode
Command: "/Users/cheyenne/Documents/GitHub/OSPSD-HW1/build/tests" "--gtest_filter=ConversationClientTest.ReceiveResponseReturnsExpectedInMockMode" "--gtest_also_run_disabled_tests"
Directory: /Users/cheyenne/Documents/GitHub/OSPSD-HW1/build
"ConversationClientTest.ReceiveResponseReturnsExpectedInMockMode" start time: Apr 23 18:21 EDT
Output:
----------------------------------------------------------
Running main() from /Users/cheyenne/Documents/GitHub/OSPSD-HW1/build/_deps/googletest-src/googletest/src/gtest_main.cc
Note: Google Test filter = ConversationClientTest.ReceiveResponseReturnsExpectedInMockMode
[==========] Running 1 test from 1 test suite.
[----------] Global test environment set-up.
[----------] 1 test from ConversationClientTest
[ RUN      ] ConversationClientTest.ReceiveResponseReturnsExpectedInMockMode
[       OK ] ConversationClientTest.ReceiveResponseReturnsExpectedInMockMode (0 ms)
[----------] 1 test from ConversationClientTest (0 ms total)

[----------] Global test environment tear-down
[==========] 1 test from 1 test suite ran. (0 ms total)
[  PASSED  ] 1 test.
<end of output>
Test time =   0.06 sec
----------------------------------------------------------
Test Passed.
"ConversationClientTest.ReceiveResponseReturnsExpectedInMockMode" end time: Apr 23 18:21 EDT
"ConversationClientTest.ReceiveResponseReturnsExpectedInMockMode" time elapsed: 00:00:00
----------------------------------------------------------

5/24 Testing: ConversationClientTest.StartAndEndConversationDoesNotThrow
5/24 Test: ConversationClientTest.StartAndEndConversationDoesNotThrow
Command: "/Users/cheyenne/Documents/GitHub/OSPSD-HW1/build/tests" "--gtest_filter=ConversationClientTest.StartAndEndConversationDoesNotThrow" "--gtest_also_run_disabled_tests"
Directory: /Users/cheyenne/Documents/GitHub/OSPSD-HW1/build
"ConversationClientTest.StartAndEndConversationDoesNotThrow" start time: Apr 23 18:21 EDT
Output:
----------------------------------------------------------
Running main() from /Users/cheyenne/Documents/GitHub/OSPSD-HW1/build/_deps/googletest-src/googletest/src/gtest_main.cc
Note: Google Test filter = ConversationClientTest.StartAndEndConversationDoesNotThrow
[==========] Running 1 test from 1 test suite.
[----------] Global test environment set-up.
[----------] 1 test from ConversationClientTest
[ RUN      ] ConversationClientTest.StartAndEndConversationDoesNotThrow
[Wed Apr 23 18:21:01 2025] Conversation started.
[Wed Apr 23 18:21:01 2025] Conversation ended.
[       OK ] ConversationClientTest.StartAndEndConversationDoesNotThrow (1 ms)
[----------] 1 test from ConversationClientTest (1 ms total)

[----------] Global test environment tear-down
[==========] 1 test from 1 test suite ran. (1 ms total)
[  PASSED  ] 1 test.
<end of output>
Test time =   0.07 sec
----------------------------------------------------------
Test Passed.
"ConversationClientTest.StartAndEndConversationDoesNotThrow" end time: Apr 23 18:21 EDT
"ConversationClientTest.StartAndEndConversationDoesNotThrow" time elapsed: 00:00:00
----------------------------------------------------------

6/24 Testing: ConversationHistoryTest.AddMessageIncreasesSize
6/24 Test: ConversationHistoryTest.AddMessageIncreasesSize
Command: "/Users/cheyenne/Documents/GitHub/OSPSD-HW1/build/tests" "--gtest_filter=ConversationHistoryTest.AddMessageIncreasesSize" "--gtest_also_run_disabled_tests"
Directory: /Users/cheyenne/Documents/GitHub/OSPSD-HW1/build
"ConversationHistoryTest.AddMessageIncreasesSize" start time: Apr 23 18:21 EDT
Output:
----------------------------------------------------------
Running main() from /Users/cheyenne/Documents/GitHub/OSPSD-HW1/build/_deps/googletest-src/googletest/src/gtest_main.cc
Note: Google Test filter = ConversationHistoryTest.AddMessageIncreasesSize
[==========] Running 1 test from 1 test suite.
[----------] Global test environment set-up.
[----------] 1 test from ConversationHistoryTest
[ RUN      ] ConversationHistoryTest.AddMessageIncreasesSize
[       OK ] ConversationHistoryTest.AddMessageIncreasesSize (0 ms)
[----------] 1 test from ConversationHistoryTest (0 ms total)

[----------] Global test environment tear-down
[==========] 1 test from 1 test suite ran. (0 ms total)
[  PASSED  ] 1 test.
<end of output>
Test time =   0.06 sec
----------------------------------------------------------
Test Passed.
"ConversationHistoryTest.AddMessageIncreasesSize" end time: Apr 23 18:21 EDT
"ConversationHistoryTest.AddMessageIncreasesSize" time elapsed: 00:00:00
----------------------------------------------------------

7/24 Testing: ConversationHistoryTest.GetMessagesReturnsCorrectDataShape
7/24 Test: ConversationHistoryTest.GetMessagesReturnsCorrectDataShape
Command: "/Users/cheyenne/Documents/GitHub/OSPSD-HW1/build/tests" "--gtest_filter=ConversationHistoryTest.GetMessagesReturnsCorrectDataShape" "--gtest_also_run_disabled_tests"
Directory: /Users/cheyenne/Documents/GitHub/OSPSD-HW1/build
"ConversationHistoryTest.GetMessagesReturnsCorrectDataShape" start time: Apr 23 18:21 EDT
Output:
----------------------------------------------------------
Running main() from /Users/cheyenne/Documents/GitHub/OSPSD-HW1/build/_deps/googletest-src/googletest/src/gtest_main.cc
Note: Google Test filter = ConversationHistoryTest.GetMessagesReturnsCorrectDataShape
[==========] Running 1 test from 1 test suite.
[----------] Global test environment set-up.
[----------] 1 test from ConversationHistoryTest
[ RUN      ] ConversationHistoryTest.GetMessagesReturnsCorrectDataShape
[       OK ] ConversationHistoryTest.GetMessagesReturnsCorrectDataShape (0 ms)
[----------] 1 test from ConversationHistoryTest (0 ms total)

[----------] Global test environment tear-down
[==========] 1 test from 1 test suite ran. (0 ms total)
[  PASSED  ] 1 test.
<end of output>
Test time =   0.06 sec
----------------------------------------------------------
Test Passed.
"ConversationHistoryTest.GetMessagesReturnsCorrectDataShape" end time: Apr 23 18:21 EDT
"ConversationHistoryTest.GetMessagesReturnsCorrectDataShape" time elapsed: 00:00:00
----------------------------------------------------------

8/24 Testing: ErrorTest.BaseErrorMessageIsCorrect
8/24 Test: ErrorTest.BaseErrorMessageIsCorrect
Command: "/Users/cheyenne/Documents/GitHub/OSPSD-HW1/build/tests" "--gtest_filter=ErrorTest.BaseErrorMessageIsCorrect" "--gtest_also_run_disabled_tests"
Directory: /Users/cheyenne/Documents/GitHub/OSPSD-HW1/build
"ErrorTest.BaseErrorMessageIsCorrect" start time: Apr 23 18:21 EDT
Output:
----------------------------------------------------------
Running main() from /Users/cheyenne/Documents/GitHub/OSPSD-HW1/build/_deps/googletest-src/googletest/src/gtest_main.cc
Note: Google Test filter = ErrorTest.BaseErrorMessageIsCorrect
[==========] Running 1 test from 1 test suite.
[----------] Global test environment set-up.
[----------] 1 test from ErrorTest
[ RUN      ] ErrorTest.BaseErrorMessageIsCorrect
[       OK ] ErrorTest.BaseErrorMessageIsCorrect (0 ms)
[----------] 1 test from ErrorTest (0 ms total)

[----------] Global test environment tear-down
[==========] 1 test from 1 test suite ran. (0 ms total)
[  PASSED  ] 1 test.
<end of output>
Test time =   0.07 sec
----------------------------------------------------------
Test Passed.
"ErrorTest.BaseErrorMessageIsCorrect" end time: Apr 23 18:21 EDT
"ErrorTest.BaseErrorMessageIsCorrect" time elapsed: 00:00:00
----------------------------------------------------------

9/24 Testing: ErrorTest.NetworkErrorMessageIsCorrect
9/24 Test: ErrorTest.NetworkErrorMessageIsCorrect
Command: "/Users/cheyenne/Documents/GitHub/OSPSD-HW1/build/tests" "--gtest_filter=ErrorTest.NetworkErrorMessageIsCorrect" "--gtest_also_run_disabled_tests"
Directory: /Users/cheyenne/Documents/GitHub/OSPSD-HW1/build
"ErrorTest.NetworkErrorMessageIsCorrect" start time: Apr 23 18:21 EDT
Output:
----------------------------------------------------------
Running main() from /Users/cheyenne/Documents/GitHub/OSPSD-HW1/build/_deps/googletest-src/googletest/src/gtest_main.cc
Note: Google Test filter = ErrorTest.NetworkErrorMessageIsCorrect
[==========] Running 1 test from 1 test suite.
[----------] Global test environment set-up.
[----------] 1 test from ErrorTest
[ RUN      ] ErrorTest.NetworkErrorMessageIsCorrect
[       OK ] ErrorTest.NetworkErrorMessageIsCorrect (0 ms)
[----------] 1 test from ErrorTest (0 ms total)

[----------] Global test environment tear-down
[==========] 1 test from 1 test suite ran. (0 ms total)
[  PASSED  ] 1 test.
<end of output>
Test time =   0.07 sec
----------------------------------------------------------
Test Passed.
"ErrorTest.NetworkErrorMessageIsCorrect" end time: Apr 23 18:21 EDT
"ErrorTest.NetworkErrorMessageIsCorrect" time elapsed: 00:00:00
----------------------------------------------------------

10/24 Testing: ErrorTest.IOErrorMessageIsCorrect
10/24 Test: ErrorTest.IOErrorMessageIsCorrect
Command: "/Users/cheyenne/Documents/GitHub/OSPSD-HW1/build/tests" "--gtest_filter=ErrorTest.IOErrorMessageIsCorrect" "--gtest_also_run_disabled_tests"
Directory: /Users/cheyenne/Documents/GitHub/OSPSD-HW1/build
"ErrorTest.IOErrorMessageIsCorrect" start time: Apr 23 18:21 EDT
Output:
----------------------------------------------------------
Running main() from /Users/cheyenne/Documents/GitHub/OSPSD-HW1/build/_deps/googletest-src/googletest/src/gtest_main.cc
Note: Google Test filter = ErrorTest.IOErrorMessageIsCorrect
[==========] Running 1 test from 1 test suite.
[----------] Global test environment set-up.
[----------] 1 test from ErrorTest
[ RUN      ] ErrorTest.IOErrorMessageIsCorrect
[       OK ] ErrorTest.IOErrorMessageIsCorrect (0 ms)
[----------] 1 test from ErrorTest (0 ms total)

[----------] Global test environment tear-down
[==========] 1 test from 1 test suite ran. (0 ms total)
[  PASSED  ] 1 test.
<end of output>
Test time =   0.06 sec
----------------------------------------------------------
Test Passed.
"ErrorTest.IOErrorMessageIsCorrect" end time: Apr 23 18:21 EDT
"ErrorTest.IOErrorMessageIsCorrect" time elapsed: 00:00:00
----------------------------------------------------------

11/24 Testing: ErrorTest.ParseErrorMessageIsCorrect
11/24 Test: ErrorTest.ParseErrorMessageIsCorrect
Command: "/Users/cheyenne/Documents/GitHub/OSPSD-HW1/build/tests" "--gtest_filter=ErrorTest.ParseErrorMessageIsCorrect" "--gtest_also_run_disabled_tests"
Directory: /Users/cheyenne/Documents/GitHub/OSPSD-HW1/build
"ErrorTest.ParseErrorMessageIsCorrect" start time: Apr 23 18:21 EDT
Output:
----------------------------------------------------------
Running main() from /Users/cheyenne/Documents/GitHub/OSPSD-HW1/build/_deps/googletest-src/googletest/src/gtest_main.cc
Note: Google Test filter = ErrorTest.ParseErrorMessageIsCorrect
[==========] Running 1 test from 1 test suite.
[----------] Global test environment set-up.
[----------] 1 test from ErrorTest
[ RUN      ] ErrorTest.ParseErrorMessageIsCorrect
[       OK ] ErrorTest.ParseErrorMessageIsCorrect (0 ms)
[----------] 1 test from ErrorTest (0 ms total)

[----------] Global test environment tear-down
[==========] 1 test from 1 test suite ran. (0 ms total)
[  PASSED  ] 1 test.
<end of output>
Test time =   0.06 sec
----------------------------------------------------------
Test Passed.
"ErrorTest.ParseErrorMessageIsCorrect" end time: Apr 23 18:21 EDT
"ErrorTest.ParseErrorMessageIsCorrect" time elapsed: 00:00:00
----------------------------------------------------------

12/24 Testing: ErrorTest.InputErrorMessageIsCorrect
12/24 Test: ErrorTest.InputErrorMessageIsCorrect
Command: "/Users/cheyenne/Documents/GitHub/OSPSD-HW1/build/tests" "--gtest_filter=ErrorTest.InputErrorMessageIsCorrect" "--gtest_also_run_disabled_tests"
Directory: /Users/cheyenne/Documents/GitHub/OSPSD-HW1/build
"ErrorTest.InputErrorMessageIsCorrect" start time: Apr 23 18:21 EDT
Output:
----------------------------------------------------------
Running main() from /Users/cheyenne/Documents/GitHub/OSPSD-HW1/build/_deps/googletest-src/googletest/src/gtest_main.cc
Note: Google Test filter = ErrorTest.InputErrorMessageIsCorrect
[==========] Running 1 test from 1 test suite.
[----------] Global test environment set-up.
[----------] 1 test from ErrorTest
[ RUN      ] ErrorTest.InputErrorMessageIsCorrect
[       OK ] ErrorTest.InputErrorMessageIsCorrect (0 ms)
[----------] 1 test from ErrorTest (0 ms total)

[----------] Global test environment tear-down
[==========] 1 test from 1 test suite ran. (0 ms total)
[  PASSED  ] 1 test.
<end of output>
Test time =   0.06 sec
----------------------------------------------------------
Test Passed.
"ErrorTest.InputErrorMessageIsCorrect" end time: Apr 23 18:21 EDT
"ErrorTest.InputErrorMessageIsCorrect" time elapsed: 00:00:00
----------------------------------------------------------

13/24 Testing: ErrorTest.TimeoutErrorMessageIsCorrect
13/24 Test: ErrorTest.TimeoutErrorMessageIsCorrect
Command: "/Users/cheyenne/Documents/GitHub/OSPSD-HW1/build/tests" "--gtest_filter=ErrorTest.TimeoutErrorMessageIsCorrect" "--gtest_also_run_disabled_tests"
Directory: /Users/cheyenne/Documents/GitHub/OSPSD-HW1/build
"ErrorTest.TimeoutErrorMessageIsCorrect" start time: Apr 23 18:21 EDT
Output:
----------------------------------------------------------
Running main() from /Users/cheyenne/Documents/GitHub/OSPSD-HW1/build/_deps/googletest-src/googletest/src/gtest_main.cc
Note: Google Test filter = ErrorTest.TimeoutErrorMessageIsCorrect
[==========] Running 1 test from 1 test suite.
[----------] Global test environment set-up.
[----------] 1 test from ErrorTest
[ RUN      ] ErrorTest.TimeoutErrorMessageIsCorrect
[       OK ] ErrorTest.TimeoutErrorMessageIsCorrect (0 ms)
[----------] 1 test from ErrorTest (0 ms total)

[----------] Global test environment tear-down
[==========] 1 test from 1 test suite ran. (0 ms total)
[  PASSED  ] 1 test.
<end of output>
Test time =   0.05 sec
----------------------------------------------------------
Test Passed.
"ErrorTest.TimeoutErrorMessageIsCorrect" end time: Apr 23 18:21 EDT
"ErrorTest.TimeoutErrorMessageIsCorrect" time elapsed: 00:00:00
----------------------------------------------------------

14/24 Testing: ErrorTest.ServiceErrorMessageIsCorrect
14/24 Test: ErrorTest.ServiceErrorMessageIsCorrect
Command: "/Users/cheyenne/Documents/GitHub/OSPSD-HW1/build/tests" "--gtest_filter=ErrorTest.ServiceErrorMessageIsCorrect" "--gtest_also_run_disabled_tests"
Directory: /Users/cheyenne/Documents/GitHub/OSPSD-HW1/build
"ErrorTest.ServiceErrorMessageIsCorrect" start time: Apr 23 18:21 EDT
Output:
----------------------------------------------------------
Running main() from /Users/cheyenne/Documents/GitHub/OSPSD-HW1/build/_deps/googletest-src/googletest/src/gtest_main.cc
Note: Google Test filter = ErrorTest.ServiceErrorMessageIsCorrect
[==========] Running 1 test from 1 test suite.
[----------] Global test environment set-up.
[----------] 1 test from ErrorTest
[ RUN      ] ErrorTest.ServiceErrorMessageIsCorrect
[       OK ] ErrorTest.ServiceErrorMessageIsCorrect (0 ms)
[----------] 1 test from ErrorTest (0 ms total)

[----------] Global test environment tear-down
[==========] 1 test from 1 test suite ran. (0 ms total)
[  PASSED  ] 1 test.
<end of output>
Test time =   0.05 sec
----------------------------------------------------------
Test Passed.
"ErrorTest.ServiceErrorMessageIsCorrect" end time: Apr 23 18:21 EDT
"ErrorTest.ServiceErrorMessageIsCorrect" time elapsed: 00:00:00
----------------------------------------------------------

15/24 Testing: MessageTest.ConstructorInitializesCorrectly
15/24 Test: MessageTest.ConstructorInitializesCorrectly
Command: "/Users/cheyenne/Documents/GitHub/OSPSD-HW1/build/tests" "--gtest_filter=MessageTest.ConstructorInitializesCorrectly" "--gtest_also_run_disabled_tests"
Directory: /Users/cheyenne/Documents/GitHub/OSPSD-HW1/build
"MessageTest.ConstructorInitializesCorrectly" start time: Apr 23 18:21 EDT
Output:
----------------------------------------------------------
Running main() from /Users/cheyenne/Documents/GitHub/OSPSD-HW1/build/_deps/googletest-src/googletest/src/gtest_main.cc
Note: Google Test filter = MessageTest.ConstructorInitializesCorrectly
[==========] Running 1 test from 1 test suite.
[----------] Global test environment set-up.
[----------] 1 test from MessageTest
[ RUN      ] MessageTest.ConstructorInitializesCorrectly
[       OK ] MessageTest.ConstructorInitializesCorrectly (0 ms)
[----------] 1 test from MessageTest (0 ms total)

[----------] Global test environment tear-down
[==========] 1 test from 1 test suite ran. (0 ms total)
[  PASSED  ] 1 test.
<end of output>
Test time =   0.06 sec
----------------------------------------------------------
Test Passed.
"MessageTest.ConstructorInitializesCorrectly" end time: Apr 23 18:21 EDT
"MessageTest.ConstructorInitializesCorrectly" time elapsed: 00:00:00
----------------------------------------------------------

16/24 Testing: MessageTest.TimestampIsSetCorrectly
16/24 Test: MessageTest.TimestampIsSetCorrectly
Command: "/Users/cheyenne/Documents/GitHub/OSPSD-HW1/build/tests" "--gtest_filter=MessageTest.TimestampIsSetCorrectly" "--gtest_also_run_disabled_tests"
Directory: /Users/cheyenne/Documents/GitHub/OSPSD-HW1/build
"MessageTest.TimestampIsSetCorrectly" start time: Apr 23 18:21 EDT
Output:
----------------------------------------------------------
Running main() from /Users/cheyenne/Documents/GitHub/OSPSD-HW1/build/_deps/googletest-src/googletest/src/gtest_main.cc
Note: Google Test filter = MessageTest.TimestampIsSetCorrectly
[==========] Running 1 test from 1 test suite.
[----------] Global test environment set-up.
[----------] 1 test from MessageTest
[ RUN      ] MessageTest.TimestampIsSetCorrectly
[       OK ] MessageTest.TimestampIsSetCorrectly (0 ms)
[----------] 1 test from MessageTest (0 ms total)

[----------] Global test environment tear-down
[==========] 1 test from 1 test suite ran. (0 ms total)
[  PASSED  ] 1 test.
<end of output>
Test time =   0.05 sec
----------------------------------------------------------
Test Passed.
"MessageTest.TimestampIsSetCorrectly" end time: Apr 23 18:21 EDT
"MessageTest.TimestampIsSetCorrectly" time elapsed: 00:00:00
----------------------------------------------------------

17/24 Testing: NLPProcessorTest.PreprocessReturnsTrimmedLowercaseString
17/24 Test: NLPProcessorTest.PreprocessReturnsTrimmedLowercaseString
Command: "/Users/cheyenne/Documents/GitHub/OSPSD-HW1/build/tests" "--gtest_filter=NLPProcessorTest.PreprocessReturnsTrimmedLowercaseString" "--gtest_also_run_disabled_tests"
Directory: /Users/cheyenne/Documents/GitHub/OSPSD-HW1/build
"NLPProcessorTest.PreprocessReturnsTrimmedLowercaseString" start time: Apr 23 18:21 EDT
Output:
----------------------------------------------------------
Running main() from /Users/cheyenne/Documents/GitHub/OSPSD-HW1/build/_deps/googletest-src/googletest/src/gtest_main.cc
Note: Google Test filter = NLPProcessorTest.PreprocessReturnsTrimmedLowercaseString
[==========] Running 1 test from 1 test suite.
[----------] Global test environment set-up.
[----------] 1 test from NLPProcessorTest
[ RUN      ] NLPProcessorTest.PreprocessReturnsTrimmedLowercaseString
[       OK ] NLPProcessorTest.PreprocessReturnsTrimmedLowercaseString (0 ms)
[----------] 1 test from NLPProcessorTest (0 ms total)

[----------] Global test environment tear-down
[==========] 1 test from 1 test suite ran. (0 ms total)
[  PASSED  ] 1 test.
<end of output>
Test time =   0.05 sec
----------------------------------------------------------
Test Passed.
"NLPProcessorTest.PreprocessReturnsTrimmedLowercaseString" end time: Apr 23 18:21 EDT
"NLPProcessorTest.PreprocessReturnsTrimmedLowercaseString" time elapsed: 00:00:00
----------------------------------------------------------

18/24 Testing: NLPProcessorTest.PostprocessRemovesWhitespaceAndFormats
18/24 Test: NLPProcessorTest.PostprocessRemovesWhitespaceAndFormats
Command: "/Users/cheyenne/Documents/GitHub/OSPSD-HW1/build/tests" "--gtest_filter=NLPProcessorTest.PostprocessRemovesWhitespaceAndFormats" "--gtest_also_run_disabled_tests"
Directory: /Users/cheyenne/Documents/GitHub/OSPSD-HW1/build
"NLPProcessorTest.PostprocessRemovesWhitespaceAndFormats" start time: Apr 23 18:21 EDT
Output:
----------------------------------------------------------
Running main() from /Users/cheyenne/Documents/GitHub/OSPSD-HW1/build/_deps/googletest-src/googletest/src/gtest_main.cc
Note: Google Test filter = NLPProcessorTest.PostprocessRemovesWhitespaceAndFormats
[==========] Running 1 test from 1 test suite.
[----------] Global test environment set-up.
[----------] 1 test from NLPProcessorTest
[ RUN      ] NLPProcessorTest.PostprocessRemovesWhitespaceAndFormats
[       OK ] NLPProcessorTest.PostprocessRemovesWhitespaceAndFormats (0 ms)
[----------] 1 test from NLPProcessorTest (0 ms total)

[----------] Global test environment tear-down
[==========] 1 test from 1 test suite ran. (0 ms total)
[  PASSED  ] 1 test.
<end of output>
Test time =   0.06 sec
----------------------------------------------------------
Test Passed.
"NLPProcessorTest.PostprocessRemovesWhitespaceAndFormats" end time: Apr 23 18:21 EDT
"NLPProcessorTest.PostprocessRemovesWhitespaceAndFormats" time elapsed: 00:00:00
----------------------------------------------------------

19/24 Testing: ResponseFormatterTest.FormatResponseUsesTagPrefix
19/24 Test: ResponseFormatterTest.FormatResponseUsesTagPrefix
Command: "/Users/cheyenne/Documents/GitHub/OSPSD-HW1/build/tests" "--gtest_filter=ResponseFormatterTest.FormatResponseUsesTagPrefix" "--gtest_also_run_disabled_tests"
Directory: /Users/cheyenne/Documents/GitHub/OSPSD-HW1/build
"ResponseFormatterTest.FormatResponseUsesTagPrefix" start time: Apr 23 18:21 EDT
Output:
----------------------------------------------------------
Running main() from /Users/cheyenne/Documents/GitHub/OSPSD-HW1/build/_deps/googletest-src/googletest/src/gtest_main.cc
Note: Google Test filter = ResponseFormatterTest.FormatResponseUsesTagPrefix
[==========] Running 1 test from 1 test suite.
[----------] Global test environment set-up.
[----------] 1 test from ResponseFormatterTest
[ RUN      ] ResponseFormatterTest.FormatResponseUsesTagPrefix
[       OK ] ResponseFormatterTest.FormatResponseUsesTagPrefix (0 ms)
[----------] 1 test from ResponseFormatterTest (0 ms total)

[----------] Global test environment tear-down
[==========] 1 test from 1 test suite ran. (0 ms total)
[  PASSED  ] 1 test.
<end of output>
Test time =   0.06 sec
----------------------------------------------------------
Test Passed.
"ResponseFormatterTest.FormatResponseUsesTagPrefix" end time: Apr 23 18:21 EDT
"ResponseFormatterTest.FormatResponseUsesTagPrefix" time elapsed: 00:00:00
----------------------------------------------------------

20/24 Testing: ResponseFormatterTest.FormatResponseFallbacksToInlineTag
20/24 Test: ResponseFormatterTest.FormatResponseFallbacksToInlineTag
Command: "/Users/cheyenne/Documents/GitHub/OSPSD-HW1/build/tests" "--gtest_filter=ResponseFormatterTest.FormatResponseFallbacksToInlineTag" "--gtest_also_run_disabled_tests"
Directory: /Users/cheyenne/Documents/GitHub/OSPSD-HW1/build
"ResponseFormatterTest.FormatResponseFallbacksToInlineTag" start time: Apr 23 18:21 EDT
Output:
----------------------------------------------------------
Running main() from /Users/cheyenne/Documents/GitHub/OSPSD-HW1/build/_deps/googletest-src/googletest/src/gtest_main.cc
Note: Google Test filter = ResponseFormatterTest.FormatResponseFallbacksToInlineTag
[==========] Running 1 test from 1 test suite.
[----------] Global test environment set-up.
[----------] 1 test from ResponseFormatterTest
[ RUN      ] ResponseFormatterTest.FormatResponseFallbacksToInlineTag
[       OK ] ResponseFormatterTest.FormatResponseFallbacksToInlineTag (0 ms)
[----------] 1 test from ResponseFormatterTest (0 ms total)

[----------] Global test environment tear-down
[==========] 1 test from 1 test suite ran. (0 ms total)
[  PASSED  ] 1 test.
<end of output>
Test time =   0.06 sec
----------------------------------------------------------
Test Passed.
"ResponseFormatterTest.FormatResponseFallbacksToInlineTag" end time: Apr 23 18:21 EDT
"ResponseFormatterTest.FormatResponseFallbacksToInlineTag" time elapsed: 00:00:00
----------------------------------------------------------

21/24 Testing: ResponseFormatterTest.AddTimestampIncludesMessage
21/24 Test: ResponseFormatterTest.AddTimestampIncludesMessage
Command: "/Users/cheyenne/Documents/GitHub/OSPSD-HW1/build/tests" "--gtest_filter=ResponseFormatterTest.AddTimestampIncludesMessage" "--gtest_also_run_disabled_tests"
Directory: /Users/cheyenne/Documents/GitHub/OSPSD-HW1/build
"ResponseFormatterTest.AddTimestampIncludesMessage" start time: Apr 23 18:21 EDT
Output:
----------------------------------------------------------
Running main() from /Users/cheyenne/Documents/GitHub/OSPSD-HW1/build/_deps/googletest-src/googletest/src/gtest_main.cc
Note: Google Test filter = ResponseFormatterTest.AddTimestampIncludesMessage
[==========] Running 1 test from 1 test suite.
[----------] Global test environment set-up.
[----------] 1 test from ResponseFormatterTest
[ RUN      ] ResponseFormatterTest.AddTimestampIncludesMessage
[       OK ] ResponseFormatterTest.AddTimestampIncludesMessage (2 ms)
[----------] 1 test from ResponseFormatterTest (2 ms total)

[----------] Global test environment tear-down
[==========] 1 test from 1 test suite ran. (2 ms total)
[  PASSED  ] 1 test.
<end of output>
Test time =   0.06 sec
----------------------------------------------------------
Test Passed.
"ResponseFormatterTest.AddTimestampIncludesMessage" end time: Apr 23 18:21 EDT
"ResponseFormatterTest.AddTimestampIncludesMessage" time elapsed: 00:00:00
----------------------------------------------------------

22/24 Testing: ResponseFormatterTest.ToUpperCaseConvertsCorrectly
22/24 Test: ResponseFormatterTest.ToUpperCaseConvertsCorrectly
Command: "/Users/cheyenne/Documents/GitHub/OSPSD-HW1/build/tests" "--gtest_filter=ResponseFormatterTest.ToUpperCaseConvertsCorrectly" "--gtest_also_run_disabled_tests"
Directory: /Users/cheyenne/Documents/GitHub/OSPSD-HW1/build
"ResponseFormatterTest.ToUpperCaseConvertsCorrectly" start time: Apr 23 18:21 EDT
Output:
----------------------------------------------------------
Running main() from /Users/cheyenne/Documents/GitHub/OSPSD-HW1/build/_deps/googletest-src/googletest/src/gtest_main.cc
Note: Google Test filter = ResponseFormatterTest.ToUpperCaseConvertsCorrectly
[==========] Running 1 test from 1 test suite.
[----------] Global test environment set-up.
[----------] 1 test from ResponseFormatterTest
[ RUN      ] ResponseFormatterTest.ToUpperCaseConvertsCorrectly
[       OK ] ResponseFormatterTest.ToUpperCaseConvertsCorrectly (0 ms)
[----------] 1 test from ResponseFormatterTest (0 ms total)

[----------] Global test environment tear-down
[==========] 1 test from 1 test suite ran. (0 ms total)
[  PASSED  ] 1 test.
<end of output>
Test time =   0.07 sec
----------------------------------------------------------
Test Passed.
"ResponseFormatterTest.ToUpperCaseConvertsCorrectly" end time: Apr 23 18:21 EDT
"ResponseFormatterTest.ToUpperCaseConvertsCorrectly" time elapsed: 00:00:00
----------------------------------------------------------

23/24 Testing: ResponseFormatterTest.AddNewLineAppendsIfMissing
23/24 Test: ResponseFormatterTest.AddNewLineAppendsIfMissing
Command: "/Users/cheyenne/Documents/GitHub/OSPSD-HW1/build/tests" "--gtest_filter=ResponseFormatterTest.AddNewLineAppendsIfMissing" "--gtest_also_run_disabled_tests"
Directory: /Users/cheyenne/Documents/GitHub/OSPSD-HW1/build
"ResponseFormatterTest.AddNewLineAppendsIfMissing" start time: Apr 23 18:21 EDT
Output:
----------------------------------------------------------
Running main() from /Users/cheyenne/Documents/GitHub/OSPSD-HW1/build/_deps/googletest-src/googletest/src/gtest_main.cc
Note: Google Test filter = ResponseFormatterTest.AddNewLineAppendsIfMissing
[==========] Running 1 test from 1 test suite.
[----------] Global test environment set-up.
[----------] 1 test from ResponseFormatterTest
[ RUN      ] ResponseFormatterTest.AddNewLineAppendsIfMissing
[       OK ] ResponseFormatterTest.AddNewLineAppendsIfMissing (0 ms)
[----------] 1 test from ResponseFormatterTest (0 ms total)

[----------] Global test environment tear-down
[==========] 1 test from 1 test suite ran. (0 ms total)
[  PASSED  ] 1 test.
<end of output>
Test time =   0.05 sec
----------------------------------------------------------
Test Passed.
"ResponseFormatterTest.AddNewLineAppendsIfMissing" end time: Apr 23 18:21 EDT
"ResponseFormatterTest.AddNewLineAppendsIfMissing" time elapsed: 00:00:00
----------------------------------------------------------

24/24 Testing: ResponseFormatterTest.AddNewLineDoesNothingIfPresent
24/24 Test: ResponseFormatterTest.AddNewLineDoesNothingIfPresent
Command: "/Users/cheyenne/Documents/GitHub/OSPSD-HW1/build/tests" "--gtest_filter=ResponseFormatterTest.AddNewLineDoesNothingIfPresent" "--gtest_also_run_disabled_tests"
Directory: /Users/cheyenne/Documents/GitHub/OSPSD-HW1/build
"ResponseFormatterTest.AddNewLineDoesNothingIfPresent" start time: Apr 23 18:21 EDT
Output:
----------------------------------------------------------
Running main() from /Users/cheyenne/Documents/GitHub/OSPSD-HW1/build/_deps/googletest-src/googletest/src/gtest_main.cc
Note: Google Test filter = ResponseFormatterTest.AddNewLineDoesNothingIfPresent
[==========] Running 1 test from 1 test suite.
[----------] Global test environment set-up.
[----------] 1 test from ResponseFormatterTest
[ RUN      ] ResponseFormatterTest.AddNewLineDoesNothingIfPresent
[       OK ] ResponseFormatterTest.AddNewLineDoesNothingIfPresent (0 ms)
[----------] 1 test from ResponseFormatterTest (0 ms total)

[----------] Global test environment tear-down
[==========] 1 test from 1 test suite ran. (0 ms total)
[  PASSED  ] 1 test.
<end of output>
Test time =   0.05 sec
----------------------------------------------------------
Test Passed.
"ResponseFormatterTest.AddNewLineDoesNothingIfPresent" end time: Apr 23 18:21 EDT
"ResponseFormatterTest.AddNewLineDoesNothingIfPresent" time elapsed: 00:00:00
----------------------------------------------------------

End testing: Apr 23 18:21 EDT
